
/home/runner/work/exp-integration-richardson-extrapolation-iitb/exp-integration-richardson-extrapolation-iitb/experiment/simulation/common_libraries/js/ts_components/collapse_step.js
   1:10  warning  'show_step' is defined but never used                 no-unused-vars
   2:5   warning  '$' is not defined                                    no-undef
   3:9   warning  '$' is not defined                                    no-undef
   6:10  warning  'hide_step' is defined but never used                 no-unused-vars
   7:5   warning  '$' is not defined                                    no-undef
   8:9   warning  '$' is not defined                                    no-undef
  11:10  warning  'get_collapse_btn_text' is defined but never used     no-unused-vars
  20:10  warning  'get_collapse_btn_element' is defined but never used  no-unused-vars
  29:10  warning  'hide_all_steps' is defined but never used            no-unused-vars
  31:9   warning  '$' is not defined                                    no-undef

/home/runner/work/exp-integration-richardson-extrapolation-iitb/exp-integration-richardson-extrapolation-iitb/experiment/simulation/common_libraries/js/ts_components/matrix.js
   27:26  warning  'MathJax' is not defined                                no-undef
   32:7   warning  'Matrix_Without_String' is defined but never used       no-unused-vars
   52:26  warning  'MathJax' is not defined                                no-undef
   56:10  warning  'get_matrix_html' is defined but never used             no-unused-vars
   87:13  warning  'row_html' is assigned a value but never used           no-unused-vars
   99:10  warning  'get_matrix_html_with_title' is defined but never used  no-unused-vars
  131:13  warning  'row_html' is assigned a value but never used           no-unused-vars
  143:10  warning  'convert_2d_to_1d_vector' is defined but never used     no-unused-vars
  156:10  warning  'convert_1d_to_2d_matrix' is defined but never used     no-unused-vars

/home/runner/work/exp-integration-richardson-extrapolation-iitb/exp-integration-richardson-extrapolation-iitb/experiment/simulation/common_libraries/js/ts_components/pannel.js
  8:7  warning  'Pannel' is defined but never used  no-unused-vars

/home/runner/work/exp-integration-richardson-extrapolation-iitb/exp-integration-richardson-extrapolation-iitb/experiment/simulation/common_libraries/js/ts_components/questions.js
   6:17  warning  'op1' is assigned a value but never used      no-unused-vars
   7:17  warning  'op2' is assigned a value but never used      no-unused-vars
   8:17  warning  'op3' is assigned a value but never used      no-unused-vars
   9:17  warning  'op4' is assigned a value but never used      no-unused-vars
  94:7   warning  'Question_Options' is defined but never used  no-unused-vars

/home/runner/work/exp-integration-richardson-extrapolation-iitb/exp-integration-richardson-extrapolation-iitb/experiment/simulation/common_libraries/js/ts_components/tables.js
   19:22  warning  'verify_values' is not defined                                     no-undef
  137:22  warning  'verify_values' is not defined                                     no-undef
  260:7   warning  'Verify_Rows_Cols_6_decimal_places' is defined but never used      no-unused-vars
  311:22  warning  'verify_values' is not defined                                     no-undef
  416:7   warning  'Verify_Rows_Cols_Custom_Fixed_Update1' is defined but never used  no-unused-vars
  468:7   warning  'Show_Table_Custom_Fixed' is defined but never used                no-unused-vars
  506:7   warning  'Verify_Rows_Cols_Strings' is defined but never used               no-unused-vars
  527:22  warning  'verify_values' is not defined                                     no-undef
  663:7   warning  'Display_Table' is defined but never used                          no-unused-vars

/home/runner/work/exp-integration-richardson-extrapolation-iitb/exp-integration-richardson-extrapolation-iitb/experiment/simulation/common_libraries/js/ts_math_library/general_math_functions.js
    1:10  warning  'verify_values' is defined but never used                   no-unused-vars
   17:10  warning  'random1' is defined but never used                         no-unused-vars
   21:10  warning  'std_deviation' is defined but never used                   no-unused-vars
   26:10  warning  'gauss' is defined but never used                           no-unused-vars
   56:10  warning  'hide_panel' is defined but never used                      no-unused-vars
   63:10  warning  'inverse_matrix' is defined but never used                  no-unused-vars
   96:10  warning  'matrix_multiplication' is defined but never used           no-unused-vars
  113:10  warning  'transpose_matrix' is defined but never used                no-unused-vars
  123:10  warning  'matrix_multiplication_8decimal' is defined but never used  no-unused-vars
  140:10  warning  'adjoint_2x2_matrix' is defined but never used              no-unused-vars
  145:10  warning  'find_deteminant' is defined but never used                 no-unused-vars
  174:10  warning  'get_Submatrix' is defined but never used                   no-unused-vars

/home/runner/work/exp-integration-richardson-extrapolation-iitb/exp-integration-richardson-extrapolation-iitb/experiment/simulation/common_libraries/js/ts_math_library/regression.js
   1:10  warning  'regression_linear' is defined but never used            no-unused-vars
  18:10  warning  'regression_linear_1variable' is defined but never used  no-unused-vars
  27:10  warning  'regression_linear_2variable' is defined but never used  no-unused-vars
  52:11  warning  'gauss' is not defined                                   no-undef

/home/runner/work/exp-integration-richardson-extrapolation-iitb/exp-integration-richardson-extrapolation-iitb/experiment/simulation/common_libraries/math.ob.js
  1:745  warning  'b' is already defined  no-redeclare

/home/runner/work/exp-integration-richardson-extrapolation-iitb/exp-integration-richardson-extrapolation-iitb/experiment/simulation/js/activity1.js
  20:24  warning  'MathJax' is not defined                no-undef
  23:10  warning  'start_act1' is defined but never used  no-unused-vars
  28:20  warning  'get_collapse_btn_text' is not defined  no-undef
  35:35  warning  'random_val' is not defined             no-undef
  38:69  warning  'random_val' is not defined             no-undef
  56:5   warning  'hide_all_steps' is not defined         no-undef
  57:5   warning  'show_step' is not defined              no-undef
  59:24  warning  'MathJax' is not defined                no-undef
  74:5   warning  'ei' is not defined                     no-undef
  74:10  warning  'random_val' is not defined             no-undef
  75:12  warning  'ei' is not defined                     no-undef
  77:10  warning  'verify_ei' is defined but never used   no-unused-vars
  79:44  warning  'ei' is not defined                     no-undef
  82:10  warning  'verify_values' is not defined          no-undef
  82:47  warning  'ei' is not defined                     no-undef
  88:23  warning  'ei' is not defined                     no-undef
  89:5   warning  'activity2' is not defined              no-undef

/home/runner/work/exp-integration-richardson-extrapolation-iitb/exp-integration-richardson-extrapolation-iitb/experiment/simulation/js/activity2.js
  17:5    warning  'maindiv' is not defined                   no-undef
  18:24   warning  'MathJax' is not defined                   no-undef
  21:10   warning  'start_act2' is defined but never used     no-unused-vars
  26:20   warning  'get_collapse_btn_text' is not defined     no-undef
  70:5    warning  'maindiv' is not defined                   no-undef
  71:5    warning  'show_step' is not defined                 no-undef
  73:24   warning  'MathJax' is not defined                   no-undef
  78:5    warning  'tb_data' is not defined                   no-undef
  79:36   warning  'trap' is not defined                      no-undef
  79:45   warning  'calculate_error_percent' is not defined   no-undef
  79:69   warning  'ei' is not defined                        no-undef
  79:73   warning  'trap' is not defined                      no-undef
  80:36   warning  'trap' is not defined                      no-undef
  80:45   warning  'calculate_error_percent' is not defined   no-undef
  80:69   warning  'ei' is not defined                        no-undef
  80:73   warning  'trap' is not defined                      no-undef
  81:36   warning  'trap' is not defined                      no-undef
  81:45   warning  'calculate_error_percent' is not defined   no-undef
  81:69   warning  'ei' is not defined                        no-undef
  81:73   warning  'trap' is not defined                      no-undef
  83:18   warning  'Verify_Rows_Cols_Strings' is not defined  no-undef
  83:51   warning  'tb_data' is not defined                   no-undef
  83:118  warning  'activity3' is not defined                 no-undef
  86:10   warning  'verify_ei2' is defined but never used     no-unused-vars
  88:44   warning  'ei' is not defined                        no-undef
  91:10   warning  'verify_values' is not defined             no-undef
  91:47   warning  'ei' is not defined                        no-undef
  97:23   warning  'ei' is not defined                        no-undef

/home/runner/work/exp-integration-richardson-extrapolation-iitb/exp-integration-richardson-extrapolation-iitb/experiment/simulation/js/activity3.js
    1:10   warning  'activity3' is defined but never used      no-unused-vars
   17:5    warning  'maindiv' is not defined                   no-undef
   18:24   warning  'MathJax' is not defined                   no-undef
   21:10   warning  'start_act3' is defined but never used     no-unused-vars
   26:20   warning  'get_collapse_btn_text' is not defined     no-undef
   55:5    warning  'maindiv' is not defined                   no-undef
   56:5    warning  'hide_all_steps' is not defined            no-undef
   57:5    warning  'show_step' is not defined                 no-undef
   59:24   warning  'MathJax' is not defined                   no-undef
   73:5    warning  'r1' is not defined                        no-undef
   73:20   warning  'trap' is not defined                      no-undef
   73:40   warning  'trap' is not defined                      no-undef
   74:5    warning  'r2' is not defined                        no-undef
   74:20   warning  'trap' is not defined                      no-undef
   74:40   warning  'trap' is not defined                      no-undef
   76:10   warning  'verify_ei3' is defined but never used     no-unused-vars
   78:25   warning  'r1' is not defined                        no-undef
   78:37   warning  'r2' is not defined                        no-undef
   83:10   warning  'verify_values' is not defined             no-undef
   83:48   warning  'r1' is not defined                        no-undef
   87:10   warning  'verify_values' is not defined             no-undef
   87:48   warning  'r2' is not defined                        no-undef
   93:24   warning  'r1' is not defined                        no-undef
   95:24   warning  'r2' is not defined                        no-undef
   97:24   warning  'MathJax' is not defined                   no-undef
  103:5    warning  'tb2_data' is not defined                  no-undef
  104:84   warning  'r1' is not defined                        no-undef
  104:101  warning  'calculate_error_percent' is not defined   no-undef
  104:125  warning  'ei' is not defined                        no-undef
  104:129  warning  'r1' is not defined                        no-undef
  105:84   warning  'r2' is not defined                        no-undef
  105:101  warning  'calculate_error_percent' is not defined   no-undef
  105:125  warning  'ei' is not defined                        no-undef
  105:129  warning  'r2' is not defined                        no-undef
  107:5    warning  'e1' is not defined                        no-undef
  107:10   warning  'calculate_error_percent' is not defined   no-undef
  107:34   warning  'ei' is not defined                        no-undef
  107:38   warning  'r1' is not defined                        no-undef
  108:5    warning  'e2' is not defined                        no-undef
  108:10   warning  'calculate_error_percent' is not defined   no-undef
  108:34   warning  'ei' is not defined                        no-undef
  108:38   warning  'r2' is not defined                        no-undef
  109:18   warning  'Verify_Rows_Cols_Strings' is not defined  no-undef
  109:51   warning  'tb2_data' is not defined                  no-undef
  109:102  warning  'activity4' is not defined                 no-undef

/home/runner/work/exp-integration-richardson-extrapolation-iitb/exp-integration-richardson-extrapolation-iitb/experiment/simulation/js/activity4.js
    1:10  warning  'activity4' is defined but never used        no-unused-vars
   17:5   warning  'maindiv' is not defined                     no-undef
   18:24  warning  'MathJax' is not defined                     no-undef
   21:10  warning  'start_act4' is defined but never used       no-unused-vars
   26:20  warning  'get_collapse_btn_text' is not defined       no-undef
   63:5   warning  'maindiv' is not defined                     no-undef
   64:5   warning  'hide_all_steps' is not defined              no-undef
   65:5   warning  'show_step' is not defined                   no-undef
   67:24  warning  'MathJax' is not defined                     no-undef
   81:9   warning  'e2' is not defined                          no-undef
   81:15  warning  'e1' is not defined                          no-undef
   82:9   warning  'im' is not defined                          no-undef
   82:14  warning  'r1' is not defined                          no-undef
   83:9   warning  'il' is not defined                          no-undef
   83:14  warning  'r2' is not defined                          no-undef
   86:9   warning  'il' is not defined                          no-undef
   86:14  warning  'r1' is not defined                          no-undef
   87:9   warning  'im' is not defined                          no-undef
   87:14  warning  'r2' is not defined                          no-undef
   90:10  warning  'verify_4' is defined but never used         no-unused-vars
   92:25  warning  'im' is not defined                          no-undef
   92:37  warning  'il' is not defined                          no-undef
   97:10  warning  'verify_values' is not defined               no-undef
   97:48  warning  'im' is not defined                          no-undef
  101:10  warning  'verify_values' is not defined               no-undef
  101:48  warning  'il' is not defined                          no-undef
  107:24  warning  'im' is not defined                          no-undef
  109:24  warning  'il' is not defined                          no-undef
  114:5   warning  'final_I' is not defined                     no-undef
  114:27  warning  'im' is not defined                          no-undef
  114:43  warning  'il' is not defined                          no-undef
  115:5   warning  'final_err' is not defined                   no-undef
  115:28  warning  'calculate_error_percent' is not defined     no-undef
  115:52  warning  'ei' is not defined                          no-undef
  115:56  warning  'final_I' is not defined                     no-undef
  119:10  warning  'calculate_final' is defined but never used  no-unused-vars
  121:24  warning  'final_I' is not defined                     no-undef
  121:45  warning  'final_err' is not defined                   no-undef
  126:10  warning  'verify_values' is not defined               no-undef
  126:48  warning  'final_I' is not defined                     no-undef
  130:10  warning  'verify_values' is not defined               no-undef
  130:48  warning  'final_err' is not defined                   no-undef
  136:24  warning  'final_I' is not defined                     no-undef
  138:24  warning  'final_err' is not defined                   no-undef

/home/runner/work/exp-integration-richardson-extrapolation-iitb/exp-integration-richardson-extrapolation-iitb/experiment/simulation/js/data.js
   2:5  warning  'x_vals' is assigned a value but never used      no-unused-vars
   3:5  warning  'y_vals' is assigned a value but never used      no-unused-vars
   6:5  warning  'random_val' is assigned a value but never used  no-unused-vars
   7:5  warning  'tb_data' is assigned a value but never used     no-unused-vars
   8:5  warning  'tb2_data' is assigned a value but never used    no-unused-vars
   9:5  warning  'I_val' is assigned a value but never used       no-unused-vars
  11:5  warning  'ei' is assigned a value but never used          no-unused-vars
  12:5  warning  'r1' is assigned a value but never used          no-unused-vars
  13:5  warning  'r2' is assigned a value but never used          no-unused-vars
  14:5  warning  'e1' is assigned a value but never used          no-unused-vars
  15:5  warning  'e2' is assigned a value but never used          no-unused-vars
  16:5  warning  'im' is assigned a value but never used          no-unused-vars
  17:5  warning  'il' is assigned a value but never used          no-unused-vars
  18:5  warning  'final_I' is assigned a value but never used     no-unused-vars
  19:5  warning  'final_err' is assigned a value but never used   no-unused-vars

/home/runner/work/exp-integration-richardson-extrapolation-iitb/exp-integration-richardson-extrapolation-iitb/experiment/simulation/js/gauss_ele.js
  42:10  warning  'gauss_ele' is defined but never used  no-unused-vars

/home/runner/work/exp-integration-richardson-extrapolation-iitb/exp-integration-richardson-extrapolation-iitb/experiment/simulation/js/screen_size.js
  1:10  warning  'set_screen_size' is defined but never used  no-unused-vars

/home/runner/work/exp-integration-richardson-extrapolation-iitb/exp-integration-richardson-extrapolation-iitb/experiment/simulation/js/trap.js
   1:10  warning  'trap' is defined but never used                     no-unused-vars
   9:5   warning  Unnecessary semicolon                                no-extra-semi
  13:15  warning  'random_val' is not defined                          no-undef
  16:10  warning  'calculate_error_percent' is defined but never used  no-unused-vars

✖ 206 problems (0 errors, 206 warnings)
  0 errors and 1 warning potentially fixable with the `--fix` option.

